<?xml version="1.0" encoding="UTF-8"?>
<testng-results ignored="0" total="1" passed="1" failed="0" skipped="0">
  <reporter-output>
  </reporter-output>
  <suite started-at="2024-06-01T12:19:31 IST" name="Suite" finished-at="2024-06-01T12:20:09 IST" duration-ms="38254">
    <groups>
    </groups>
    <test started-at="2024-06-01T12:19:31 IST" name="Test" finished-at="2024-06-01T12:20:09 IST" duration-ms="38254">
      <class name="com.ShoppersStack_Sanju_Test.Verifyuser_is_able_to_remove_address_or_not_Test">
        <test-method is-config="true" signature="beforesuite()[pri:0, instance:com.ShoppersStack_Sanju_Test.Verifyuser_is_able_to_remove_address_or_not_Test@22555ebf]" started-at="2024-06-01T12:19:31 IST" name="beforesuite" finished-at="2024-06-01T12:19:31 IST" duration-ms="19" status="PASS">
          <reporter-output>
          </reporter-output>
        </test-method> <!-- beforesuite -->
        <test-method is-config="true" signature="beforetest()[pri:0, instance:com.ShoppersStack_Sanju_Test.Verifyuser_is_able_to_remove_address_or_not_Test@22555ebf]" started-at="2024-06-01T12:19:31 IST" name="beforetest" finished-at="2024-06-01T12:19:32 IST" duration-ms="457" status="PASS">
          <reporter-output>
          </reporter-output>
        </test-method> <!-- beforetest -->
        <test-method is-config="true" signature="beforeclass()[pri:0, instance:com.ShoppersStack_Sanju_Test.Verifyuser_is_able_to_remove_address_or_not_Test@22555ebf]" started-at="2024-06-01T12:19:32 IST" name="beforeclass" finished-at="2024-06-01T12:19:38 IST" duration-ms="6369" status="PASS">
          <reporter-output>
          </reporter-output>
        </test-method> <!-- beforeclass -->
        <test-method is-config="true" signature="beforemethod()[pri:0, instance:com.ShoppersStack_Sanju_Test.Verifyuser_is_able_to_remove_address_or_not_Test@22555ebf]" started-at="2024-06-01T12:19:38 IST" name="beforemethod" finished-at="2024-06-01T12:19:50 IST" duration-ms="11461" status="PASS">
          <reporter-output>
          </reporter-output>
        </test-method> <!-- beforemethod -->
        <test-method signature="removeAddress()[pri:0, instance:com.ShoppersStack_Sanju_Test.Verifyuser_is_able_to_remove_address_or_not_Test@22555ebf]" started-at="2024-06-01T12:19:50 IST" name="removeAddress" finished-at="2024-06-01T12:20:02 IST" duration-ms="12389" status="PASS">
          <reporter-output>
          </reporter-output>
        </test-method> <!-- removeAddress -->
        <test-method is-config="true" signature="aftermethod()[pri:0, instance:com.ShoppersStack_Sanju_Test.Verifyuser_is_able_to_remove_address_or_not_Test@22555ebf]" started-at="2024-06-01T12:20:02 IST" name="aftermethod" finished-at="2024-06-01T12:20:09 IST" duration-ms="6648" status="PASS">
          <reporter-output>
          </reporter-output>
        </test-method> <!-- aftermethod -->
        <test-method is-config="true" signature="afterclass()[pri:0, instance:com.ShoppersStack_Sanju_Test.Verifyuser_is_able_to_remove_address_or_not_Test@22555ebf]" started-at="2024-06-01T12:20:09 IST" name="afterclass" finished-at="2024-06-01T12:20:09 IST" duration-ms="365" status="PASS">
          <reporter-output>
          </reporter-output>
        </test-method> <!-- afterclass -->
        <test-method is-config="true" signature="aftertest()[pri:0, instance:com.ShoppersStack_Sanju_Test.Verifyuser_is_able_to_remove_address_or_not_Test@22555ebf]" started-at="2024-06-01T12:20:09 IST" name="aftertest" finished-at="2024-06-01T12:20:09 IST" duration-ms="513" status="PASS">
          <reporter-output>
          </reporter-output>
        </test-method> <!-- aftertest -->
        <test-method is-config="true" signature="aftersuite()[pri:0, instance:com.ShoppersStack_Sanju_Test.Verifyuser_is_able_to_remove_address_or_not_Test@22555ebf]" started-at="2024-06-01T12:20:10 IST" name="aftersuite" finished-at="2024-06-01T12:20:10 IST" duration-ms="2" status="PASS">
          <reporter-output>
          </reporter-output>
        </test-method> <!-- aftersuite -->
      </class> <!-- com.ShoppersStack_Sanju_Test.Verifyuser_is_able_to_remove_address_or_not_Test -->
    </test> <!-- Test -->
  </suite> <!-- Suite -->
</testng-results>
